
*** Running vivado
    with args -log stop_watch.vdi -applog -m64 -product Vivado -messageDb vivado.pb -mode batch -source stop_watch.tcl -notrace


****** Vivado v2024.2 (64-bit)
  **** SW Build 5239630 on Fri Nov 08 22:34:34 MST 2024
  **** IP Build 5239520 on Sun Nov 10 16:12:51 MST 2024
  **** SharedData Build 5239561 on Fri Nov 08 14:39:27 MST 2024
  **** Start of session at: Fri Sep 26 11:39:51 2025
    ** Copyright 1986-2022 Xilinx, Inc. All Rights Reserved.
    ** Copyright 2022-2024 Advanced Micro Devices, Inc. All Rights Reserved.

source stop_watch.tcl -notrace
Command: link_design -top stop_watch -part xc7z010clg400-1
Design is defaulting to srcset: sources_1
Design is defaulting to constrset: constrs_1
INFO: [Device 21-403] Loading part xc7z010clg400-1
Netlist sorting complete. Time (s): cpu = 00:00:00 ; elapsed = 00:00:00 . Memory (MB): peak = 1470.508 ; gain = 0.000 ; free physical = 4300 ; free virtual = 27243
INFO: [Netlist 29-17] Analyzing 5 Unisim elements for replacement
INFO: [Netlist 29-28] Unisim Transformation completed in 0 CPU seconds
INFO: [Project 1-479] Netlist was created with Vivado 2024.2
INFO: [Project 1-570] Preparing netlist for logic optimization
Parsing XDC File [/home/mike/Desktop/work/fpga_u1_stopwatch/4_vivado/constraints/stop_watch.xdc]
Finished Parsing XDC File [/home/mike/Desktop/work/fpga_u1_stopwatch/4_vivado/constraints/stop_watch.xdc]
INFO: [Opt 31-138] Pushed 0 inverter(s) to 0 load pin(s).
Netlist sorting complete. Time (s): cpu = 00:00:00 ; elapsed = 00:00:00 . Memory (MB): peak = 1688.098 ; gain = 0.000 ; free physical = 4190 ; free virtual = 27133
INFO: [Project 1-111] Unisim Transformation Summary:
No Unisim elements were transformed.

7 Infos, 0 Warnings, 0 Critical Warnings and 0 Errors encountered.
link_design completed successfully
Command: opt_design
Attempting to get a license for feature 'Implementation' and/or device 'xc7z010'
INFO: [Common 17-349] Got license for feature 'Implementation' and/or device 'xc7z010'
Running DRC as a precondition to command opt_design

Starting DRC Task
INFO: [DRC 23-27] Running DRC with 8 threads
INFO: [Project 1-461] DRC finished with 0 Errors
INFO: [Project 1-462] Please refer to the DRC report (report_drc) for more information.

Time (s): cpu = 00:00:04 ; elapsed = 00:00:00.82 . Memory (MB): peak = 1790.191 ; gain = 96.156 ; free physical = 4090 ; free virtual = 27034

Starting Cache Timing Information Task
INFO: [Timing 38-35] Done setting XDC timing constraints.
Ending Cache Timing Information Task | Checksum: 2cede9ec8

Time (s): cpu = 00:00:05 ; elapsed = 00:00:06 . Memory (MB): peak = 2210.145 ; gain = 419.953 ; free physical = 3712 ; free virtual = 26674

Starting Logic Optimization Task

Phase 1 Initialization

Phase 1.1 Core Generation And Design Setup
Phase 1.1 Core Generation And Design Setup | Checksum: 2cede9ec8

Time (s): cpu = 00:00:00.01 ; elapsed = 00:00:00 . Memory (MB): peak = 2553.066 ; gain = 0.000 ; free physical = 3378 ; free virtual = 26339

Phase 1.2 Setup Constraints And Sort Netlist
Phase 1.2 Setup Constraints And Sort Netlist | Checksum: 2cede9ec8

Time (s): cpu = 00:00:00.01 ; elapsed = 00:00:00 . Memory (MB): peak = 2553.066 ; gain = 0.000 ; free physical = 3378 ; free virtual = 26339
Phase 1 Initialization | Checksum: 2cede9ec8

Time (s): cpu = 00:00:00.01 ; elapsed = 00:00:00 . Memory (MB): peak = 2553.066 ; gain = 0.000 ; free physical = 3378 ; free virtual = 26339

Phase 2 Timer Update And Timing Data Collection

Phase 2.1 Timer Update
Phase 2.1 Timer Update | Checksum: 2cede9ec8

Time (s): cpu = 00:00:00.01 ; elapsed = 00:00:00.01 . Memory (MB): peak = 2553.066 ; gain = 0.000 ; free physical = 3378 ; free virtual = 26339

Phase 2.2 Timing Data Collection
Phase 2.2 Timing Data Collection | Checksum: 2cede9ec8

Time (s): cpu = 00:00:00.02 ; elapsed = 00:00:00.01 . Memory (MB): peak = 2553.066 ; gain = 0.000 ; free physical = 3378 ; free virtual = 26339
Phase 2 Timer Update And Timing Data Collection | Checksum: 2cede9ec8

Time (s): cpu = 00:00:00.02 ; elapsed = 00:00:00.01 . Memory (MB): peak = 2553.066 ; gain = 0.000 ; free physical = 3378 ; free virtual = 26339

Phase 3 Retarget
INFO: [Opt 31-1851] Number of loadless carry chains removed were: 0
INFO: [Opt 31-1834] Total Chains To Be Transformed Were: 0 AND Number of Transformed insts Created are: 0
INFO: [Opt 31-138] Pushed 0 inverter(s) to 0 load pin(s).
INFO: [Opt 31-49] Retargeted 0 cell(s).
Phase 3 Retarget | Checksum: 2cede9ec8

Time (s): cpu = 00:00:00.02 ; elapsed = 00:00:00.02 . Memory (MB): peak = 2553.066 ; gain = 0.000 ; free physical = 3378 ; free virtual = 26339
Retarget | Checksum: 2cede9ec8
INFO: [Opt 31-389] Phase Retarget created 0 cells and removed 0 cells

Phase 4 Constant propagation
INFO: [Opt 31-138] Pushed 0 inverter(s) to 0 load pin(s).
Phase 4 Constant propagation | Checksum: 2cede9ec8

Time (s): cpu = 00:00:00.02 ; elapsed = 00:00:00.02 . Memory (MB): peak = 2553.066 ; gain = 0.000 ; free physical = 3378 ; free virtual = 26339
Constant propagation | Checksum: 2cede9ec8
INFO: [Opt 31-389] Phase Constant propagation created 0 cells and removed 0 cells

Phase 5 Sweep
INFO: [Constraints 18-11670] Building netlist checker database with flags, 0x8
Done building netlist checker database: Time (s): cpu = 00:00:00 ; elapsed = 00:00:00 . Memory (MB): peak = 2553.066 ; gain = 0.000 ; free physical = 3378 ; free virtual = 26339
Phase 5 Sweep | Checksum: 1db287bc7

Time (s): cpu = 00:00:00.02 ; elapsed = 00:00:00.02 . Memory (MB): peak = 2553.066 ; gain = 0.000 ; free physical = 3378 ; free virtual = 26339
Sweep | Checksum: 1db287bc7
INFO: [Opt 31-389] Phase Sweep created 0 cells and removed 0 cells

Phase 6 BUFG optimization
Phase 6 BUFG optimization | Checksum: 1db287bc7

Time (s): cpu = 00:00:00.03 ; elapsed = 00:00:00.03 . Memory (MB): peak = 2585.082 ; gain = 32.016 ; free physical = 3378 ; free virtual = 26339
BUFG optimization | Checksum: 1db287bc7
INFO: [Opt 31-662] Phase BUFG optimization created 0 cells of which 0 are BUFGs and removed 0 cells.

Phase 7 Shift Register Optimization
INFO: [Opt 31-1064] SRL Remap converted 0 SRLs to 0 registers and converted 0 registers of register chains to 0 SRLs
Phase 7 Shift Register Optimization | Checksum: 1db287bc7

Time (s): cpu = 00:00:00.03 ; elapsed = 00:00:00.03 . Memory (MB): peak = 2585.082 ; gain = 32.016 ; free physical = 3378 ; free virtual = 26339
Shift Register Optimization | Checksum: 1db287bc7
INFO: [Opt 31-389] Phase Shift Register Optimization created 0 cells and removed 0 cells

Phase 8 Post Processing Netlist
Phase 8 Post Processing Netlist | Checksum: 1db287bc7

Time (s): cpu = 00:00:00.03 ; elapsed = 00:00:00.03 . Memory (MB): peak = 2585.082 ; gain = 32.016 ; free physical = 3378 ; free virtual = 26339
Post Processing Netlist | Checksum: 1db287bc7
INFO: [Opt 31-389] Phase Post Processing Netlist created 0 cells and removed 0 cells

Phase 9 Finalization

Phase 9.1 Finalizing Design Cores and Updating Shapes
Phase 9.1 Finalizing Design Cores and Updating Shapes | Checksum: 2139b1805

Time (s): cpu = 00:00:00.03 ; elapsed = 00:00:00.03 . Memory (MB): peak = 2585.082 ; gain = 32.016 ; free physical = 3378 ; free virtual = 26339

Phase 9.2 Verifying Netlist Connectivity

Starting Connectivity Check Task

Time (s): cpu = 00:00:00 ; elapsed = 00:00:00.01 . Memory (MB): peak = 2585.082 ; gain = 0.000 ; free physical = 3379 ; free virtual = 26340
Phase 9.2 Verifying Netlist Connectivity | Checksum: 2139b1805

Time (s): cpu = 00:00:00.03 ; elapsed = 00:00:00.04 . Memory (MB): peak = 2585.082 ; gain = 32.016 ; free physical = 3379 ; free virtual = 26340
Phase 9 Finalization | Checksum: 2139b1805

Time (s): cpu = 00:00:00.03 ; elapsed = 00:00:00.04 . Memory (MB): peak = 2585.082 ; gain = 32.016 ; free physical = 3379 ; free virtual = 26340
Opt_design Change Summary
=========================


-------------------------------------------------------------------------------------------------------------------------
|  Phase                        |  #Cells created  |  #Cells Removed  |  #Constrained objects preventing optimizations  |
-------------------------------------------------------------------------------------------------------------------------
|  Retarget                     |               0  |               0  |                                              0  |
|  Constant propagation         |               0  |               0  |                                              0  |
|  Sweep                        |               0  |               0  |                                              0  |
|  BUFG optimization            |               0  |               0  |                                              0  |
|  Shift Register Optimization  |               0  |               0  |                                              0  |
|  Post Processing Netlist      |               0  |               0  |                                              0  |
-------------------------------------------------------------------------------------------------------------------------


Ending Logic Optimization Task | Checksum: 2139b1805

Time (s): cpu = 00:00:00.03 ; elapsed = 00:00:00.04 . Memory (MB): peak = 2585.082 ; gain = 32.016 ; free physical = 3379 ; free virtual = 26341

Starting Power Optimization Task
INFO: [Pwropt 34-132] Skipping clock gating for clocks with a period < 2.00 ns.
Ending Power Optimization Task | Checksum: 2139b1805

Time (s): cpu = 00:00:00 ; elapsed = 00:00:00 . Memory (MB): peak = 2585.082 ; gain = 0.000 ; free physical = 3379 ; free virtual = 26341

Starting Final Cleanup Task
Ending Final Cleanup Task | Checksum: 2139b1805

Time (s): cpu = 00:00:00 ; elapsed = 00:00:00 . Memory (MB): peak = 2585.082 ; gain = 0.000 ; free physical = 3379 ; free virtual = 26341

Starting Netlist Obfuscation Task
Netlist sorting complete. Time (s): cpu = 00:00:00 ; elapsed = 00:00:00 . Memory (MB): peak = 2585.082 ; gain = 0.000 ; free physical = 3379 ; free virtual = 26341
Ending Netlist Obfuscation Task | Checksum: 2139b1805

Time (s): cpu = 00:00:00 ; elapsed = 00:00:00 . Memory (MB): peak = 2585.082 ; gain = 0.000 ; free physical = 3379 ; free virtual = 26341
INFO: [Common 17-83] Releasing license: Implementation
27 Infos, 0 Warnings, 0 Critical Warnings and 0 Errors encountered.
opt_design completed successfully
opt_design: Time (s): cpu = 00:00:11 ; elapsed = 00:00:09 . Memory (MB): peak = 2585.082 ; gain = 891.047 ; free physical = 3379 ; free virtual = 26341
INFO: [Vivado 12-24828] Executing command : report_drc -file stop_watch_drc_opted.rpt -pb stop_watch_drc_opted.pb -rpx stop_watch_drc_opted.rpx
Command: report_drc -file stop_watch_drc_opted.rpt -pb stop_watch_drc_opted.pb -rpx stop_watch_drc_opted.rpx
INFO: [IP_Flow 19-234] Refreshing IP repositories
INFO: [IP_Flow 19-1704] No user IP repositories specified
INFO: [IP_Flow 19-2313] Loaded Vivado IP repository '/home/mike/SoftwareAndApps/Xilinx2024_2/Vivado/2024.2/data/ip'.
INFO: [DRC 23-27] Running DRC with 8 threads
INFO: [Vivado_Tcl 2-168] The results of DRC are in file /home/mike/Desktop/work/fpga_u1_stopwatch/4_vivado/fpga_u1_stopwatch/fpga_u1_stopwatch.runs/impl_1/stop_watch_drc_opted.rpt.
report_drc completed successfully
INFO: [Timing 38-480] Writing timing data to binary archive.
Write ShapeDB Complete: Time (s): cpu = 00:00:00 ; elapsed = 00:00:00 . Memory (MB): peak = 2585.082 ; gain = 0.000 ; free physical = 3385 ; free virtual = 26345
Wrote PlaceDB: Time (s): cpu = 00:00:00 ; elapsed = 00:00:00 . Memory (MB): peak = 2585.082 ; gain = 0.000 ; free physical = 3385 ; free virtual = 26345
Wrote PulsedLatchDB: Time (s): cpu = 00:00:00 ; elapsed = 00:00:00 . Memory (MB): peak = 2585.082 ; gain = 0.000 ; free physical = 3385 ; free virtual = 26345
Writing XDEF routing.
Writing XDEF routing logical nets.
Writing XDEF routing special nets.
Wrote RouteStorage: Time (s): cpu = 00:00:00.03 ; elapsed = 00:00:00.02 . Memory (MB): peak = 2585.082 ; gain = 0.000 ; free physical = 3384 ; free virtual = 26345
Wrote Netlist Cache: Time (s): cpu = 00:00:00 ; elapsed = 00:00:00 . Memory (MB): peak = 2585.082 ; gain = 0.000 ; free physical = 3384 ; free virtual = 26345
Wrote Device Cache: Time (s): cpu = 00:00:00.01 ; elapsed = 00:00:00 . Memory (MB): peak = 2585.082 ; gain = 0.000 ; free physical = 3383 ; free virtual = 26345
Write Physdb Complete: Time (s): cpu = 00:00:00.04 ; elapsed = 00:00:00.02 . Memory (MB): peak = 2585.082 ; gain = 0.000 ; free physical = 3383 ; free virtual = 26345
INFO: [Common 17-1381] The checkpoint '/home/mike/Desktop/work/fpga_u1_stopwatch/4_vivado/fpga_u1_stopwatch/fpga_u1_stopwatch.runs/impl_1/stop_watch_opt.dcp' has been generated.
Command: place_design
Attempting to get a license for feature 'Implementation' and/or device 'xc7z010'
INFO: [Common 17-349] Got license for feature 'Implementation' and/or device 'xc7z010'
INFO: [Common 17-83] Releasing license: Implementation
INFO: [DRC 23-27] Running DRC with 8 threads
INFO: [Vivado_Tcl 4-198] DRC finished with 0 Errors
INFO: [Vivado_Tcl 4-199] Please refer to the DRC report (report_drc) for more information.
Running DRC as a precondition to command place_design
INFO: [DRC 23-27] Running DRC with 8 threads
INFO: [Vivado_Tcl 4-198] DRC finished with 0 Errors
INFO: [Vivado_Tcl 4-199] Please refer to the DRC report (report_drc) for more information.
INFO: [Place 30-611] Multithreading enabled for place_design using a maximum of 8 CPUs

Starting Placer Task

Phase 1 Placer Initialization

Phase 1.1 Placer Initialization Netlist Sorting
Netlist sorting complete. Time (s): cpu = 00:00:00 ; elapsed = 00:00:00 . Memory (MB): peak = 2628.746 ; gain = 0.000 ; free physical = 3328 ; free virtual = 26290
Phase 1.1 Placer Initialization Netlist Sorting | Checksum: 1c55c539b

Time (s): cpu = 00:00:00 ; elapsed = 00:00:00 . Memory (MB): peak = 2628.746 ; gain = 0.000 ; free physical = 3328 ; free virtual = 26290
Netlist sorting complete. Time (s): cpu = 00:00:00 ; elapsed = 00:00:00 . Memory (MB): peak = 2628.746 ; gain = 0.000 ; free physical = 3328 ; free virtual = 26290

Phase 1.2 IO Placement/ Clock Placement/ Build Placer Device
INFO: [Timing 38-35] Done setting XDC timing constraints.
Phase 1.2 IO Placement/ Clock Placement/ Build Placer Device | Checksum: 1b0b66026

Time (s): cpu = 00:00:00.22 ; elapsed = 00:00:00.07 . Memory (MB): peak = 2628.746 ; gain = 0.000 ; free physical = 3320 ; free virtual = 26285

Phase 1.3 Build Placer Netlist Model
Phase 1.3 Build Placer Netlist Model | Checksum: 2a1f3e090

Time (s): cpu = 00:00:00.35 ; elapsed = 00:00:00.12 . Memory (MB): peak = 2660.762 ; gain = 32.016 ; free physical = 3317 ; free virtual = 26283

Phase 1.4 Constrain Clocks/Macros
Phase 1.4 Constrain Clocks/Macros | Checksum: 2a1f3e090

Time (s): cpu = 00:00:00.35 ; elapsed = 00:00:00.12 . Memory (MB): peak = 2660.762 ; gain = 32.016 ; free physical = 3317 ; free virtual = 26283
Phase 1 Placer Initialization | Checksum: 2a1f3e090

Time (s): cpu = 00:00:00.36 ; elapsed = 00:00:00.12 . Memory (MB): peak = 2660.762 ; gain = 32.016 ; free physical = 3317 ; free virtual = 26283

Phase 2 Global Placement

Phase 2.1 Floorplanning
Phase 2.1 Floorplanning | Checksum: 225c12ca4

Time (s): cpu = 00:00:00.45 ; elapsed = 00:00:00.15 . Memory (MB): peak = 2660.762 ; gain = 32.016 ; free physical = 3315 ; free virtual = 26282

Phase 2.2 Update Timing before SLR Path Opt
Phase 2.2 Update Timing before SLR Path Opt | Checksum: 21069bbed

Time (s): cpu = 00:00:00.5 ; elapsed = 00:00:00.16 . Memory (MB): peak = 2660.762 ; gain = 32.016 ; free physical = 3319 ; free virtual = 26285

Phase 2.3 Post-Processing in Floorplanning
Phase 2.3 Post-Processing in Floorplanning | Checksum: 21069bbed

Time (s): cpu = 00:00:00.5 ; elapsed = 00:00:00.16 . Memory (MB): peak = 2660.762 ; gain = 32.016 ; free physical = 3319 ; free virtual = 26285

Phase 2.4 Global Place Phase1
Phase 2.4 Global Place Phase1 | Checksum: 2ab565ba1

Time (s): cpu = 00:00:01 ; elapsed = 00:00:00.34 . Memory (MB): peak = 2660.762 ; gain = 32.016 ; free physical = 3344 ; free virtual = 26311

Phase 2.5 Global Place Phase2

Phase 2.5.1 UpdateTiming Before Physical Synthesis
Phase 2.5.1 UpdateTiming Before Physical Synthesis | Checksum: 280f12467

Time (s): cpu = 00:00:01 ; elapsed = 00:00:00.35 . Memory (MB): peak = 2660.762 ; gain = 32.016 ; free physical = 3352 ; free virtual = 26319

Phase 2.5.2 Physical Synthesis In Placer
INFO: [Physopt 32-1035] Found 0 LUTNM shape to break, 2 LUT instances to create LUTNM shape
INFO: [Physopt 32-1044] Break lutnm for timing: one critical 0, two critical 0, total 0, new lutff created 0
INFO: [Physopt 32-1138] End 1 Pass. Optimized 1 net or LUT. Breaked 0 LUT, combined 1 existing LUT and moved 0 existing LUT
INFO: [Physopt 32-65] No nets found for high-fanout optimization.
INFO: [Physopt 32-232] Optimized 0 net. Created 0 new instance.
INFO: [Physopt 32-775] End 1 Pass. Optimized 0 net or cell. Created 0 new cell, deleted 0 existing cell and moved 0 existing cell
INFO: [Physopt 32-670] No setup violation found.  DSP Register Optimization was not performed.
INFO: [Physopt 32-670] No setup violation found.  Shift Register to Pipeline Optimization was not performed.
INFO: [Physopt 32-670] No setup violation found.  Shift Register Optimization was not performed.
INFO: [Physopt 32-670] No setup violation found.  BRAM Register Optimization was not performed.
INFO: [Physopt 32-670] No setup violation found.  URAM Register Optimization was not performed.
INFO: [Physopt 32-949] No candidate nets found for dynamic/static region interface net replication
INFO: [Physopt 32-775] End 1 Pass. Optimized 0 net or cell. Created 0 new cell, deleted 0 existing cell and moved 0 existing cell
Netlist sorting complete. Time (s): cpu = 00:00:00 ; elapsed = 00:00:00 . Memory (MB): peak = 2660.762 ; gain = 0.000 ; free physical = 3349 ; free virtual = 26319

Summary of Physical Synthesis Optimizations
============================================


-----------------------------------------------------------------------------------------------------------------------------------------------------------
|  Optimization                                     |  Added Cells  |  Removed Cells  |  Optimized Cells/Nets  |  Dont Touch  |  Iterations  |  Elapsed   |
-----------------------------------------------------------------------------------------------------------------------------------------------------------
|  LUT Combining                                    |            0  |              1  |                     1  |           0  |           1  |  00:00:00  |
|  Retime                                           |            0  |              0  |                     0  |           0  |           1  |  00:00:00  |
|  Very High Fanout                                 |            0  |              0  |                     0  |           0  |           1  |  00:00:00  |
|  DSP Register                                     |            0  |              0  |                     0  |           0  |           0  |  00:00:00  |
|  Shift Register to Pipeline                       |            0  |              0  |                     0  |           0  |           0  |  00:00:00  |
|  Shift Register                                   |            0  |              0  |                     0  |           0  |           0  |  00:00:00  |
|  BRAM Register                                    |            0  |              0  |                     0  |           0  |           0  |  00:00:00  |
|  URAM Register                                    |            0  |              0  |                     0  |           0  |           0  |  00:00:00  |
|  Dynamic/Static Region Interface Net Replication  |            0  |              0  |                     0  |           0  |           1  |  00:00:00  |
|  Total                                            |            0  |              1  |                     1  |           0  |           4  |  00:00:00  |
-----------------------------------------------------------------------------------------------------------------------------------------------------------


Phase 2.5.2 Physical Synthesis In Placer | Checksum: 1cff863be

Time (s): cpu = 00:00:01 ; elapsed = 00:00:00.55 . Memory (MB): peak = 2660.762 ; gain = 32.016 ; free physical = 3349 ; free virtual = 26319
Phase 2.5 Global Place Phase2 | Checksum: 257fb5615

Time (s): cpu = 00:00:02 ; elapsed = 00:00:00.59 . Memory (MB): peak = 2660.762 ; gain = 32.016 ; free physical = 3350 ; free virtual = 26320
Phase 2 Global Placement | Checksum: 257fb5615

Time (s): cpu = 00:00:02 ; elapsed = 00:00:00.59 . Memory (MB): peak = 2660.762 ; gain = 32.016 ; free physical = 3350 ; free virtual = 26320

Phase 3 Detail Placement

Phase 3.1 Commit Multi Column Macros
Phase 3.1 Commit Multi Column Macros | Checksum: 281de273b

Time (s): cpu = 00:00:02 ; elapsed = 00:00:00.6 . Memory (MB): peak = 2660.762 ; gain = 32.016 ; free physical = 3349 ; free virtual = 26320

Phase 3.2 Commit Most Macros & LUTRAMs
Phase 3.2 Commit Most Macros & LUTRAMs | Checksum: 240e48209

Time (s): cpu = 00:00:02 ; elapsed = 00:00:00.62 . Memory (MB): peak = 2660.762 ; gain = 32.016 ; free physical = 3348 ; free virtual = 26319

Phase 3.3 Area Swap Optimization
Phase 3.3 Area Swap Optimization | Checksum: 1b94a50e5

Time (s): cpu = 00:00:02 ; elapsed = 00:00:00.62 . Memory (MB): peak = 2660.762 ; gain = 32.016 ; free physical = 3348 ; free virtual = 26319

Phase 3.4 Pipeline Register Optimization
Phase 3.4 Pipeline Register Optimization | Checksum: 1a7d91714

Time (s): cpu = 00:00:02 ; elapsed = 00:00:00.62 . Memory (MB): peak = 2660.762 ; gain = 32.016 ; free physical = 3348 ; free virtual = 26319

Phase 3.5 Small Shape Detail Placement
Phase 3.5 Small Shape Detail Placement | Checksum: 2562845ca

Time (s): cpu = 00:00:02 ; elapsed = 00:00:00.68 . Memory (MB): peak = 2660.762 ; gain = 32.016 ; free physical = 3346 ; free virtual = 26317

Phase 3.6 Re-assign LUT pins
Phase 3.6 Re-assign LUT pins | Checksum: 1c3b90a4e

Time (s): cpu = 00:00:02 ; elapsed = 00:00:00.68 . Memory (MB): peak = 2660.762 ; gain = 32.016 ; free physical = 3346 ; free virtual = 26317

Phase 3.7 Pipeline Register Optimization
Phase 3.7 Pipeline Register Optimization | Checksum: 1b4e8441f

Time (s): cpu = 00:00:02 ; elapsed = 00:00:00.68 . Memory (MB): peak = 2660.762 ; gain = 32.016 ; free physical = 3346 ; free virtual = 26317
Phase 3 Detail Placement | Checksum: 1b4e8441f

Time (s): cpu = 00:00:02 ; elapsed = 00:00:00.68 . Memory (MB): peak = 2660.762 ; gain = 32.016 ; free physical = 3346 ; free virtual = 26317

Phase 4 Post Placement Optimization and Clean-Up

Phase 4.1 Post Commit Optimization
INFO: [Timing 38-35] Done setting XDC timing constraints.

Phase 4.1.1 Post Placement Optimization
Post Placement Optimization Initialization | Checksum: 1215da132

Phase 4.1.1.1 BUFG Insertion

Starting Physical Synthesis Task

Phase 1 Physical Synthesis Initialization
INFO: [Physopt 32-721] Multithreading enabled for phys_opt_design using a maximum of 8 CPUs
INFO: [Physopt 32-619] Estimated Timing Summary | WNS=3.891 | TNS=0.000 |
Phase 1 Physical Synthesis Initialization | Checksum: fc5c5ccc

Time (s): cpu = 00:00:00.03 ; elapsed = 00:00:00.01 . Memory (MB): peak = 2660.762 ; gain = 0.000 ; free physical = 3346 ; free virtual = 26317
INFO: [Place 46-56] BUFG insertion identified 0 candidate nets. Inserted BUFG: 0, Replicated BUFG Driver: 0, Skipped due to Placement/Routing Conflicts: 0, Skipped due to Timing Degradation: 0, Skipped due to netlist editing failed: 0.
Ending Physical Synthesis Task | Checksum: 152a55652

Time (s): cpu = 00:00:00.03 ; elapsed = 00:00:00.01 . Memory (MB): peak = 2660.762 ; gain = 0.000 ; free physical = 3346 ; free virtual = 26317
Phase 4.1.1.1 BUFG Insertion | Checksum: 1215da132

Time (s): cpu = 00:00:02 ; elapsed = 00:00:00.73 . Memory (MB): peak = 2660.762 ; gain = 32.016 ; free physical = 3346 ; free virtual = 26317

Phase 4.1.1.2 Post Placement Timing Optimization
INFO: [Place 30-746] Post Placement Timing Summary WNS=3.891. For the most accurate timing information please run report_timing.
Phase 4.1.1.2 Post Placement Timing Optimization | Checksum: 1f53bc26b

Time (s): cpu = 00:00:02 ; elapsed = 00:00:00.73 . Memory (MB): peak = 2660.762 ; gain = 32.016 ; free physical = 3346 ; free virtual = 26317

Time (s): cpu = 00:00:02 ; elapsed = 00:00:00.73 . Memory (MB): peak = 2660.762 ; gain = 32.016 ; free physical = 3346 ; free virtual = 26317
Phase 4.1 Post Commit Optimization | Checksum: 1f53bc26b

Time (s): cpu = 00:00:02 ; elapsed = 00:00:00.73 . Memory (MB): peak = 2660.762 ; gain = 32.016 ; free physical = 3346 ; free virtual = 26317

Phase 4.2 Post Placement Cleanup
Phase 4.2 Post Placement Cleanup | Checksum: 1f53bc26b

Time (s): cpu = 00:00:02 ; elapsed = 00:00:00.74 . Memory (MB): peak = 2660.762 ; gain = 32.016 ; free physical = 3346 ; free virtual = 26317

Phase 4.3 Placer Reporting

Phase 4.3.1 Print Estimated Congestion
INFO: [Place 30-612] Post-Placement Estimated Congestion 
 ____________________________________________________
|           | Global Congestion | Short Congestion  |
| Direction | Region Size       | Region Size       |
|___________|___________________|___________________|
|      North|                1x1|                1x1|
|___________|___________________|___________________|
|      South|                1x1|                1x1|
|___________|___________________|___________________|
|       East|                1x1|                1x1|
|___________|___________________|___________________|
|       West|                1x1|                1x1|
|___________|___________________|___________________|

Phase 4.3.1 Print Estimated Congestion | Checksum: 1f53bc26b

Time (s): cpu = 00:00:02 ; elapsed = 00:00:00.74 . Memory (MB): peak = 2660.762 ; gain = 32.016 ; free physical = 3346 ; free virtual = 26317
Phase 4.3 Placer Reporting | Checksum: 1f53bc26b

Time (s): cpu = 00:00:02 ; elapsed = 00:00:00.74 . Memory (MB): peak = 2660.762 ; gain = 32.016 ; free physical = 3346 ; free virtual = 26317

Phase 4.4 Final Placement Cleanup
Netlist sorting complete. Time (s): cpu = 00:00:00 ; elapsed = 00:00:00 . Memory (MB): peak = 2660.762 ; gain = 0.000 ; free physical = 3346 ; free virtual = 26317

Time (s): cpu = 00:00:02 ; elapsed = 00:00:00.74 . Memory (MB): peak = 2660.762 ; gain = 32.016 ; free physical = 3346 ; free virtual = 26317
Phase 4 Post Placement Optimization and Clean-Up | Checksum: 21e9316d2

Time (s): cpu = 00:00:02 ; elapsed = 00:00:00.74 . Memory (MB): peak = 2660.762 ; gain = 32.016 ; free physical = 3346 ; free virtual = 26317
Ending Placer Task | Checksum: 12dbde64f

Time (s): cpu = 00:00:02 ; elapsed = 00:00:00.74 . Memory (MB): peak = 2660.762 ; gain = 32.016 ; free physical = 3346 ; free virtual = 26317
64 Infos, 0 Warnings, 0 Critical Warnings and 0 Errors encountered.
place_design completed successfully
INFO: [Vivado 12-24838] Running report commands "report_control_sets, report_io, report_utilization" in parallel.
Running report generation with 3 threads.
INFO: [Vivado 12-24828] Executing command : report_control_sets -verbose -file stop_watch_control_sets_placed.rpt
report_control_sets: Time (s): cpu = 00:00:00.05 ; elapsed = 00:00:00.08 . Memory (MB): peak = 2660.762 ; gain = 0.000 ; free physical = 3334 ; free virtual = 26306
INFO: [Vivado 12-24828] Executing command : report_utilization -file stop_watch_utilization_placed.rpt -pb stop_watch_utilization_placed.pb
INFO: [Vivado 12-24828] Executing command : report_io -file stop_watch_io_placed.rpt
report_io: Time (s): cpu = 00:00:00.16 ; elapsed = 00:00:00.21 . Memory (MB): peak = 2660.762 ; gain = 0.000 ; free physical = 3336 ; free virtual = 26307
INFO: [Timing 38-480] Writing timing data to binary archive.
Write ShapeDB Complete: Time (s): cpu = 00:00:00 ; elapsed = 00:00:00 . Memory (MB): peak = 2660.762 ; gain = 0.000 ; free physical = 3336 ; free virtual = 26307
Wrote PlaceDB: Time (s): cpu = 00:00:00.02 ; elapsed = 00:00:00.01 . Memory (MB): peak = 2660.762 ; gain = 0.000 ; free physical = 3335 ; free virtual = 26307
Wrote PulsedLatchDB: Time (s): cpu = 00:00:00 ; elapsed = 00:00:00 . Memory (MB): peak = 2660.762 ; gain = 0.000 ; free physical = 3335 ; free virtual = 26307
Writing XDEF routing.
Writing XDEF routing logical nets.
Writing XDEF routing special nets.
Wrote RouteStorage: Time (s): cpu = 00:00:00.04 ; elapsed = 00:00:00.02 . Memory (MB): peak = 2660.762 ; gain = 0.000 ; free physical = 3335 ; free virtual = 26306
Wrote Netlist Cache: Time (s): cpu = 00:00:00 ; elapsed = 00:00:00 . Memory (MB): peak = 2660.762 ; gain = 0.000 ; free physical = 3335 ; free virtual = 26306
Wrote Device Cache: Time (s): cpu = 00:00:00.01 ; elapsed = 00:00:00.01 . Memory (MB): peak = 2660.762 ; gain = 0.000 ; free physical = 3332 ; free virtual = 26304
Write Physdb Complete: Time (s): cpu = 00:00:00.07 ; elapsed = 00:00:00.04 . Memory (MB): peak = 2660.762 ; gain = 0.000 ; free physical = 3332 ; free virtual = 26304
INFO: [Common 17-1381] The checkpoint '/home/mike/Desktop/work/fpga_u1_stopwatch/4_vivado/fpga_u1_stopwatch/fpga_u1_stopwatch.runs/impl_1/stop_watch_placed.dcp' has been generated.
Command: phys_opt_design
Attempting to get a license for feature 'Implementation' and/or device 'xc7z010'
INFO: [Common 17-349] Got license for feature 'Implementation' and/or device 'xc7z010'

Starting Initial Update Timing Task

Time (s): cpu = 00:00:00.02 ; elapsed = 00:00:00.03 . Memory (MB): peak = 2660.762 ; gain = 0.000 ; free physical = 3316 ; free virtual = 26287
INFO: [Vivado_Tcl 4-2279] Estimated Timing Summary | WNS= 3.891 | TNS= 0.000 | 
INFO: [Vivado_Tcl 4-383] Design worst setup slack (WNS) is greater than or equal to 0.000 ns. All physical synthesis setup optimizations will be skipped.
INFO: [Vivado_Tcl 4-232] No setup violation found. The netlist was not modified.
INFO: [Common 17-83] Releasing license: Implementation
75 Infos, 0 Warnings, 0 Critical Warnings and 0 Errors encountered.
phys_opt_design completed successfully
INFO: [Timing 38-480] Writing timing data to binary archive.
Write ShapeDB Complete: Time (s): cpu = 00:00:00 ; elapsed = 00:00:00 . Memory (MB): peak = 2660.762 ; gain = 0.000 ; free physical = 3316 ; free virtual = 26287
Wrote PlaceDB: Time (s): cpu = 00:00:00.02 ; elapsed = 00:00:00.01 . Memory (MB): peak = 2660.762 ; gain = 0.000 ; free physical = 3316 ; free virtual = 26287
Wrote PulsedLatchDB: Time (s): cpu = 00:00:00 ; elapsed = 00:00:00 . Memory (MB): peak = 2660.762 ; gain = 0.000 ; free physical = 3316 ; free virtual = 26287
Writing XDEF routing.
Writing XDEF routing logical nets.
Writing XDEF routing special nets.
Wrote RouteStorage: Time (s): cpu = 00:00:00.03 ; elapsed = 00:00:00.01 . Memory (MB): peak = 2660.762 ; gain = 0.000 ; free physical = 3312 ; free virtual = 26284
Wrote Netlist Cache: Time (s): cpu = 00:00:00 ; elapsed = 00:00:00 . Memory (MB): peak = 2660.762 ; gain = 0.000 ; free physical = 3312 ; free virtual = 26284
Wrote Device Cache: Time (s): cpu = 00:00:00.01 ; elapsed = 00:00:00.01 . Memory (MB): peak = 2660.762 ; gain = 0.000 ; free physical = 3310 ; free virtual = 26282
Write Physdb Complete: Time (s): cpu = 00:00:00.07 ; elapsed = 00:00:00.03 . Memory (MB): peak = 2660.762 ; gain = 0.000 ; free physical = 3310 ; free virtual = 26282
INFO: [Common 17-1381] The checkpoint '/home/mike/Desktop/work/fpga_u1_stopwatch/4_vivado/fpga_u1_stopwatch/fpga_u1_stopwatch.runs/impl_1/stop_watch_physopt.dcp' has been generated.
Command: route_design
Attempting to get a license for feature 'Implementation' and/or device 'xc7z010'
INFO: [Common 17-349] Got license for feature 'Implementation' and/or device 'xc7z010'


Starting Routing Task
INFO: [Route 35-254] Multithreading enabled for route_design using a maximum of 8 CPUs

Phase 1 Build RT Design
Checksum: PlaceDB: 9a7b1a5 ConstDB: 0 ShapeSum: ba7ddd7f RouteDB: 6998572b
Post Restoration Checksum: NetGraph: ed3a1e0e | NumContArr: 50734791 | Constraints: c2a8fa9d | Timing: c2a8fa9d
Phase 1 Build RT Design | Checksum: 2c2ff5ad9

Time (s): cpu = 00:00:10 ; elapsed = 00:00:09 . Memory (MB): peak = 2701.750 ; gain = 40.988 ; free physical = 3169 ; free virtual = 26150

Phase 2 Router Initialization

Phase 2.1 Fix Topology Constraints
Phase 2.1 Fix Topology Constraints | Checksum: 2c2ff5ad9

Time (s): cpu = 00:00:10 ; elapsed = 00:00:09 . Memory (MB): peak = 2701.750 ; gain = 40.988 ; free physical = 3169 ; free virtual = 26151

Phase 2.2 Pre Route Cleanup
Phase 2.2 Pre Route Cleanup | Checksum: 2c2ff5ad9

Time (s): cpu = 00:00:10 ; elapsed = 00:00:09 . Memory (MB): peak = 2701.750 ; gain = 40.988 ; free physical = 3169 ; free virtual = 26151
 Number of Nodes with overlaps = 0

Phase 2.3 Update Timing
Phase 2.3 Update Timing | Checksum: 1e6588c59

Time (s): cpu = 00:00:10 ; elapsed = 00:00:09 . Memory (MB): peak = 2728.812 ; gain = 68.051 ; free physical = 3153 ; free virtual = 26135
INFO: [Route 35-416] Intermediate Timing Summary | WNS=3.820  | TNS=0.000  | WHS=-0.145 | THS=-1.850 |


Router Utilization Summary
  Global Vertical Routing Utilization    = 0 %
  Global Horizontal Routing Utilization  = 0 %
  Routable Net Status*
  *Does not include unroutable nets such as driverless and loadless.
  Run report_route_status for detailed report.
  Number of Failed Nets               = 90
    (Failed Nets is the sum of unrouted and partially routed nets)
  Number of Unrouted Nets             = 90
  Number of Partially Routed Nets     = 0
  Number of Node Overlaps             = 0

Phase 2 Router Initialization | Checksum: 204b600d7

Time (s): cpu = 00:00:10 ; elapsed = 00:00:09 . Memory (MB): peak = 2728.812 ; gain = 68.051 ; free physical = 3152 ; free virtual = 26134

Phase 3 Global Routing
Phase 3 Global Routing | Checksum: 204b600d7

Time (s): cpu = 00:00:10 ; elapsed = 00:00:09 . Memory (MB): peak = 2728.812 ; gain = 68.051 ; free physical = 3152 ; free virtual = 26134

Phase 4 Initial Routing

Phase 4.1 Initial Net Routing Pass
Phase 4.1 Initial Net Routing Pass | Checksum: 20fa423af

Time (s): cpu = 00:00:10 ; elapsed = 00:00:09 . Memory (MB): peak = 2728.812 ; gain = 68.051 ; free physical = 3152 ; free virtual = 26134
Phase 4 Initial Routing | Checksum: 20fa423af

Time (s): cpu = 00:00:10 ; elapsed = 00:00:09 . Memory (MB): peak = 2728.812 ; gain = 68.051 ; free physical = 3152 ; free virtual = 26134

Phase 5 Rip-up And Reroute

Phase 5.1 Global Iteration 0
 Number of Nodes with overlaps = 4
 Number of Nodes with overlaps = 0
INFO: [Route 35-416] Intermediate Timing Summary | WNS=3.941  | TNS=0.000  | WHS=N/A    | THS=N/A    |

Phase 5.1 Global Iteration 0 | Checksum: 2502ab677

Time (s): cpu = 00:00:10 ; elapsed = 00:00:09 . Memory (MB): peak = 2728.812 ; gain = 68.051 ; free physical = 3152 ; free virtual = 26134

Phase 5.2 Global Iteration 1
 Number of Nodes with overlaps = 0
INFO: [Route 35-416] Intermediate Timing Summary | WNS=3.941  | TNS=0.000  | WHS=N/A    | THS=N/A    |

Phase 5.2 Global Iteration 1 | Checksum: 1a8af8dfd

Time (s): cpu = 00:00:10 ; elapsed = 00:00:09 . Memory (MB): peak = 2728.812 ; gain = 68.051 ; free physical = 3152 ; free virtual = 26134
Phase 5 Rip-up And Reroute | Checksum: 1a8af8dfd

Time (s): cpu = 00:00:10 ; elapsed = 00:00:09 . Memory (MB): peak = 2728.812 ; gain = 68.051 ; free physical = 3152 ; free virtual = 26134

Phase 6 Delay and Skew Optimization

Phase 6.1 Delay CleanUp
Phase 6.1 Delay CleanUp | Checksum: 1a8af8dfd

Time (s): cpu = 00:00:10 ; elapsed = 00:00:09 . Memory (MB): peak = 2728.812 ; gain = 68.051 ; free physical = 3152 ; free virtual = 26134

Phase 6.2 Clock Skew Optimization
Phase 6.2 Clock Skew Optimization | Checksum: 1a8af8dfd

Time (s): cpu = 00:00:10 ; elapsed = 00:00:09 . Memory (MB): peak = 2728.812 ; gain = 68.051 ; free physical = 3152 ; free virtual = 26134
Phase 6 Delay and Skew Optimization | Checksum: 1a8af8dfd

Time (s): cpu = 00:00:10 ; elapsed = 00:00:09 . Memory (MB): peak = 2728.812 ; gain = 68.051 ; free physical = 3152 ; free virtual = 26134

Phase 7 Post Hold Fix

Phase 7.1 Hold Fix Iter
INFO: [Route 35-416] Intermediate Timing Summary | WNS=4.092  | TNS=0.000  | WHS=0.147  | THS=0.000  |

Phase 7.1 Hold Fix Iter | Checksum: 1645bdbe1

Time (s): cpu = 00:00:10 ; elapsed = 00:00:09 . Memory (MB): peak = 2728.812 ; gain = 68.051 ; free physical = 3152 ; free virtual = 26134
Phase 7 Post Hold Fix | Checksum: 1645bdbe1

Time (s): cpu = 00:00:10 ; elapsed = 00:00:09 . Memory (MB): peak = 2728.812 ; gain = 68.051 ; free physical = 3152 ; free virtual = 26134

Phase 8 Route finalize

Router Utilization Summary
  Global Vertical Routing Utilization    = 0.0494088 %
  Global Horizontal Routing Utilization  = 0.0225184 %
  Routable Net Status*
  *Does not include unroutable nets such as driverless and loadless.
  Run report_route_status for detailed report.
  Number of Failed Nets               = 0
    (Failed Nets is the sum of unrouted and partially routed nets)
  Number of Unrouted Nets             = 0
  Number of Partially Routed Nets     = 0
  Number of Node Overlaps             = 0

Phase 8 Route finalize | Checksum: 1645bdbe1

Time (s): cpu = 00:00:10 ; elapsed = 00:00:09 . Memory (MB): peak = 2728.812 ; gain = 68.051 ; free physical = 3152 ; free virtual = 26134

Phase 9 Verifying routed nets

 Verification completed successfully
Phase 9 Verifying routed nets | Checksum: 1645bdbe1

Time (s): cpu = 00:00:10 ; elapsed = 00:00:09 . Memory (MB): peak = 2728.812 ; gain = 68.051 ; free physical = 3152 ; free virtual = 26134

Phase 10 Depositing Routes
Phase 10 Depositing Routes | Checksum: e4c154d6

Time (s): cpu = 00:00:10 ; elapsed = 00:00:09 . Memory (MB): peak = 2728.812 ; gain = 68.051 ; free physical = 3152 ; free virtual = 26134

Phase 11 Post Process Routing
Phase 11 Post Process Routing | Checksum: e4c154d6

Time (s): cpu = 00:00:10 ; elapsed = 00:00:09 . Memory (MB): peak = 2728.812 ; gain = 68.051 ; free physical = 3152 ; free virtual = 26134

Phase 12 Post Router Timing
INFO: [Route 35-57] Estimated Timing Summary | WNS=4.092  | TNS=0.000  | WHS=0.147  | THS=0.000  |

INFO: [Route 35-327] The final timing numbers are based on the router estimated timing analysis. For a complete and accurate timing signoff, please run report_timing_summary.
Phase 12 Post Router Timing | Checksum: e4c154d6

Time (s): cpu = 00:00:10 ; elapsed = 00:00:09 . Memory (MB): peak = 2728.812 ; gain = 68.051 ; free physical = 3152 ; free virtual = 26134
Total Elapsed time in route_design: 8.83 secs

Phase 13 Post-Route Event Processing
Phase 13 Post-Route Event Processing | Checksum: 1d1bec099

Time (s): cpu = 00:00:10 ; elapsed = 00:00:09 . Memory (MB): peak = 2728.812 ; gain = 68.051 ; free physical = 3152 ; free virtual = 26134
INFO: [Route 35-16] Router Completed Successfully
Ending Routing Task | Checksum: 1d1bec099

Time (s): cpu = 00:00:10 ; elapsed = 00:00:09 . Memory (MB): peak = 2728.812 ; gain = 68.051 ; free physical = 3152 ; free virtual = 26134

Routing Is Done.
INFO: [Common 17-83] Releasing license: Implementation
87 Infos, 0 Warnings, 0 Critical Warnings and 0 Errors encountered.
route_design completed successfully
route_design: Time (s): cpu = 00:00:11 ; elapsed = 00:00:09 . Memory (MB): peak = 2728.812 ; gain = 68.051 ; free physical = 3152 ; free virtual = 26134
INFO: [Vivado 12-24828] Executing command : report_drc -file stop_watch_drc_routed.rpt -pb stop_watch_drc_routed.pb -rpx stop_watch_drc_routed.rpx
Command: report_drc -file stop_watch_drc_routed.rpt -pb stop_watch_drc_routed.pb -rpx stop_watch_drc_routed.rpx
INFO: [IP_Flow 19-1839] IP Catalog is up to date.
INFO: [DRC 23-27] Running DRC with 8 threads
INFO: [Vivado_Tcl 2-168] The results of DRC are in file /home/mike/Desktop/work/fpga_u1_stopwatch/4_vivado/fpga_u1_stopwatch/fpga_u1_stopwatch.runs/impl_1/stop_watch_drc_routed.rpt.
report_drc completed successfully
report_drc: Time (s): cpu = 00:00:29 ; elapsed = 00:00:05 . Memory (MB): peak = 2813.477 ; gain = 84.664 ; free physical = 3162 ; free virtual = 26144
INFO: [Vivado 12-24828] Executing command : report_methodology -file stop_watch_methodology_drc_routed.rpt -pb stop_watch_methodology_drc_routed.pb -rpx stop_watch_methodology_drc_routed.rpx
Command: report_methodology -file stop_watch_methodology_drc_routed.rpt -pb stop_watch_methodology_drc_routed.pb -rpx stop_watch_methodology_drc_routed.rpx
INFO: [Timing 38-35] Done setting XDC timing constraints.
INFO: [DRC 23-133] Running Methodology with 8 threads
INFO: [Vivado_Tcl 2-1520] The results of Report Methodology are in file /home/mike/Desktop/work/fpga_u1_stopwatch/4_vivado/fpga_u1_stopwatch/fpga_u1_stopwatch.runs/impl_1/stop_watch_methodology_drc_routed.rpt.
report_methodology completed successfully
report_methodology: Time (s): cpu = 00:00:30 ; elapsed = 00:00:06 . Memory (MB): peak = 2832.531 ; gain = 19.055 ; free physical = 3135 ; free virtual = 26117
INFO: [Vivado 12-24828] Executing command : report_timing_summary -max_paths 10 -report_unconstrained -file stop_watch_timing_summary_routed.rpt -pb stop_watch_timing_summary_routed.pb -rpx stop_watch_timing_summary_routed.rpx -warn_on_violation 
INFO: [Timing 38-35] Done setting XDC timing constraints.
INFO: [Timing 38-91] UpdateTimingParams: Speed grade: -1, Delay Type: min_max.
INFO: [Timing 38-191] Multithreading enabled for timing update using a maximum of 8 CPUs
INFO: [Vivado 12-24838] Running report commands "report_bus_skew, report_incremental_reuse, report_route_status" in parallel.
Running report generation with 3 threads.
INFO: [Vivado 12-24828] Executing command : report_incremental_reuse -file stop_watch_incremental_reuse_routed.rpt
INFO: [Vivado_Tcl 4-1062] Incremental flow is disabled. No incremental reuse Info to report.
INFO: [Vivado 12-24828] Executing command : report_route_status -file stop_watch_route_status.rpt -pb stop_watch_route_status.pb
INFO: [Vivado 12-24828] Executing command : report_bus_skew -warn_on_violation -file stop_watch_bus_skew_routed.rpt -pb stop_watch_bus_skew_routed.pb -rpx stop_watch_bus_skew_routed.rpx
INFO: [Timing 38-91] UpdateTimingParams: Speed grade: -1, Delay Type: min_max.
INFO: [Timing 38-191] Multithreading enabled for timing update using a maximum of 8 CPUs
INFO: [Vivado 12-24828] Executing command : report_power -file stop_watch_power_routed.rpt -pb stop_watch_power_summary_routed.pb -rpx stop_watch_power_routed.rpx
Command: report_power -file stop_watch_power_routed.rpt -pb stop_watch_power_summary_routed.pb -rpx stop_watch_power_routed.rpx
Running Vector-less Activity Propagation...

Finished Running Vector-less Activity Propagation
107 Infos, 0 Warnings, 0 Critical Warnings and 0 Errors encountered.
report_power completed successfully
INFO: [Vivado 12-24828] Executing command : report_clock_utilization -file stop_watch_clock_utilization_routed.rpt
generate_parallel_reports: Time (s): cpu = 00:01:00 ; elapsed = 00:00:12 . Memory (MB): peak = 2894.664 ; gain = 165.852 ; free physical = 3082 ; free virtual = 26065
INFO: [Timing 38-480] Writing timing data to binary archive.
Write ShapeDB Complete: Time (s): cpu = 00:00:00 ; elapsed = 00:00:00 . Memory (MB): peak = 2894.664 ; gain = 0.000 ; free physical = 3082 ; free virtual = 26065
Wrote PlaceDB: Time (s): cpu = 00:00:00.02 ; elapsed = 00:00:00 . Memory (MB): peak = 2894.664 ; gain = 0.000 ; free physical = 3082 ; free virtual = 26065
Wrote PulsedLatchDB: Time (s): cpu = 00:00:00 ; elapsed = 00:00:00 . Memory (MB): peak = 2894.664 ; gain = 0.000 ; free physical = 3082 ; free virtual = 26064
Writing XDEF routing.
Writing XDEF routing logical nets.
Writing XDEF routing special nets.
Wrote RouteStorage: Time (s): cpu = 00:00:00.04 ; elapsed = 00:00:00.02 . Memory (MB): peak = 2894.664 ; gain = 0.000 ; free physical = 3082 ; free virtual = 26065
Wrote Netlist Cache: Time (s): cpu = 00:00:00 ; elapsed = 00:00:00 . Memory (MB): peak = 2894.664 ; gain = 0.000 ; free physical = 3082 ; free virtual = 26065
Wrote Device Cache: Time (s): cpu = 00:00:00.02 ; elapsed = 00:00:00.01 . Memory (MB): peak = 2894.664 ; gain = 0.000 ; free physical = 3081 ; free virtual = 26065
Write Physdb Complete: Time (s): cpu = 00:00:00.08 ; elapsed = 00:00:00.03 . Memory (MB): peak = 2894.664 ; gain = 0.000 ; free physical = 3081 ; free virtual = 26065
INFO: [Common 17-1381] The checkpoint '/home/mike/Desktop/work/fpga_u1_stopwatch/4_vivado/fpga_u1_stopwatch/fpga_u1_stopwatch.runs/impl_1/stop_watch_routed.dcp' has been generated.
Command: write_bitstream -force stop_watch.bit
Attempting to get a license for feature 'Implementation' and/or device 'xc7z010'
INFO: [Common 17-349] Got license for feature 'Implementation' and/or device 'xc7z010'
Running DRC as a precondition to command write_bitstream
INFO: [IP_Flow 19-1839] IP Catalog is up to date.
INFO: [DRC 23-27] Running DRC with 8 threads
INFO: [Vivado 12-3199] DRC finished with 0 Errors
INFO: [Vivado 12-3200] Please refer to the DRC report (report_drc) for more information.
INFO: [Designutils 20-2272] Running write_bitstream with 8 threads.
Loading data files...
Loading site data...
Loading route data...
Processing options...
Creating bitmap...
Creating bitstream...
Writing bitstream ./stop_watch.bit...
INFO: [Vivado 12-1842] Bitgen Completed Successfully.
INFO: [Project 1-1876] WebTalk data collection is mandatory when using a ULT device. To see the specific WebTalk data collected for your design, open the usage_statistics_webtalk.html or usage_statistics_webtalk.xml file in the implementation directory.
INFO: [Common 17-83] Releasing license: Implementation
119 Infos, 0 Warnings, 0 Critical Warnings and 0 Errors encountered.
write_bitstream completed successfully
write_bitstream: Time (s): cpu = 00:00:41 ; elapsed = 00:00:22 . Memory (MB): peak = 3157.438 ; gain = 262.773 ; free physical = 2765 ; free virtual = 25755
INFO: [Common 17-206] Exiting Vivado at Fri Sep 26 11:40:56 2025...
