Copyright 1986-2022 Xilinx, Inc. All Rights Reserved. Copyright 2022-2024 Advanced Micro Devices, Inc. All Rights Reserved.
---------------------------------------------------------------------------------------------------------------------------------------------
| Tool Version : Vivado v.2024.2 (lin64) Build 5239630 Fri Nov 08 22:34:34 MST 2024
| Date         : Tue Sep 23 20:36:30 2025
| Host         : mike-NH5xAx running 64-bit Ubuntu 24.04.2 LTS
| Command      : report_control_sets -verbose -file stop_watch_control_sets_placed.rpt
| Design       : stop_watch
| Device       : xc7z010
---------------------------------------------------------------------------------------------------------------------------------------------

Control Set Information

Table of Contents
-----------------
1. Summary
2. Histogram
3. Flip-Flop Distribution
4. Detailed Control Set Information

1. Summary
----------

+----------------------------------------------------------+-------+
|                          Status                          | Count |
+----------------------------------------------------------+-------+
| Total control sets                                       |     7 |
|    Minimum number of control sets                        |     7 |
|    Addition due to synthesis replication                 |     0 |
|    Addition due to physical synthesis replication        |     0 |
| Unused register locations in slices containing registers |    30 |
+----------------------------------------------------------+-------+
* Control sets can be merged at opt_design using control_set_merge or merge_equivalent_drivers
** Run report_qor_suggestions for automated merging and remapping suggestions


2. Histogram
------------

+--------------------+-------+
|       Fanout       | Count |
+--------------------+-------+
| Total control sets |     7 |
| >= 0 to < 4        |     0 |
| >= 4 to < 6        |     3 |
| >= 6 to < 8        |     0 |
| >= 8 to < 10       |     1 |
| >= 10 to < 12      |     2 |
| >= 12 to < 14      |     0 |
| >= 14 to < 16      |     0 |
| >= 16              |     1 |
+--------------------+-------+
* Control sets can be remapped at either synth_design or opt_design


3. Flip-Flop Distribution
-------------------------

+--------------+-----------------------+------------------------+-----------------+--------------+
| Clock Enable | Synchronous Set/Reset | Asynchronous Set/Reset | Total Registers | Total Slices |
+--------------+-----------------------+------------------------+-----------------+--------------+
| No           | No                    | No                     |               5 |            2 |
| No           | No                    | Yes                    |               0 |            0 |
| No           | Yes                   | No                     |              27 |            9 |
| Yes          | No                    | No                     |               4 |            1 |
| Yes          | No                    | Yes                    |               0 |            0 |
| Yes          | Yes                   | No                     |              22 |            6 |
+--------------+-----------------------+------------------------+-----------------+--------------+


4. Detailed Control Set Information
-----------------------------------

+----------------+-----------------+----------------------+------------------+----------------+--------------+
|  Clock Signal  |  Enable Signal  |   Set/Reset Signal   | Slice Load Count | Bel Load Count | Bels / Slice |
+----------------+-----------------+----------------------+------------------+----------------+--------------+
|  clk_IBUF_BUFG | U3/E[0]         |                      |                1 |              4 |         4.00 |
|  clk_IBUF_BUFG | U3/run_reg_0[0] | U3/SR[0]             |                1 |              4 |         4.00 |
|  clk_IBUF_BUFG |                 |                      |                2 |              5 |         2.50 |
|  clk_IBUF_BUFG | U1/p1khz        | U2/reset_n           |                2 |              8 |         4.00 |
|  clk_IBUF_BUFG |                 | U2/reset_n           |                4 |             10 |         2.50 |
|  clk_IBUF_BUFG | U1/p1khz_0      | U2/reset_n           |                3 |             10 |         3.33 |
|  clk_IBUF_BUFG |                 | U1/count1[0]_i_1_n_0 |                5 |             17 |         3.40 |
+----------------+-----------------+----------------------+------------------+----------------+--------------+


