
*** Running vivado
    with args -log stop_watch.vds -m64 -product Vivado -mode batch -messageDb vivado.pb -notrace -source stop_watch.tcl


****** Vivado v2024.2 (64-bit)
  **** SW Build 5239630 on Fri Nov 08 22:34:34 MST 2024
  **** IP Build 5239520 on Sun Nov 10 16:12:51 MST 2024
  **** SharedData Build 5239561 on Fri Nov 08 14:39:27 MST 2024
  **** Start of session at: Thu Sep 25 18:53:21 2025
    ** Copyright 1986-2022 Xilinx, Inc. All Rights Reserved.
    ** Copyright 2022-2024 Advanced Micro Devices, Inc. All Rights Reserved.

source stop_watch.tcl -notrace
Command: read_checkpoint -auto_incremental -incremental /home/mike/Desktop/work/fpga_u1_stopwatch/4_vivado/fpga_u1_stopwatch/fpga_u1_stopwatch.srcs/utils_1/imports/synth_1/stop_watch.dcp
INFO: [Vivado 12-5825] Read reference checkpoint from /home/mike/Desktop/work/fpga_u1_stopwatch/4_vivado/fpga_u1_stopwatch/fpga_u1_stopwatch.srcs/utils_1/imports/synth_1/stop_watch.dcp for incremental synthesis
INFO: [Vivado 12-7989] Please ensure there are no constraint changes
Command: synth_design -top stop_watch -part xc7z010clg400-1
Starting synth_design
Attempting to get a license for feature 'Synthesis' and/or device 'xc7z010'
INFO: [Common 17-349] Got license for feature 'Synthesis' and/or device 'xc7z010'
INFO: [Device 21-403] Loading part xc7z010clg400-1
INFO: [Designutils 20-5440] No compile time benefit to using incremental synthesis; A full resynthesis will be run
INFO: [Designutils 20-4379] Flow is switching to default flow due to incremental criteria not met. If you would like to alter this behaviour and have the flow terminate instead, please set the following parameter config_implementation {autoIncr.Synth.RejectBehavior Terminate}
INFO: [Synth 8-7079] Multithreading enabled for synth_design using a maximum of 7 processes.
INFO: [Synth 8-7078] Launching helper process for spawning children vivado processes
INFO: [Synth 8-7075] Helper process launched with PID 31006
---------------------------------------------------------------------------------
Starting RTL Elaboration : Time (s): cpu = 00:00:03 ; elapsed = 00:00:04 . Memory (MB): peak = 1885.418 ; gain = 429.832 ; free physical = 3647 ; free virtual = 27921
---------------------------------------------------------------------------------
INFO: [Synth 8-638] synthesizing module 'stop_watch' [/home/mike/Desktop/work/fpga_u1_stopwatch/2_hdl/stop_watch_lib/src/stop_watch.vhd:16]
INFO: [Synth 8-638] synthesizing module 'prescaler' [/home/mike/Desktop/work/fpga_u1_stopwatch/2_hdl/stop_watch_lib/src/prescaler.vhd:19]
INFO: [Synth 8-256] done synthesizing module 'prescaler' (0#1) [/home/mike/Desktop/work/fpga_u1_stopwatch/2_hdl/stop_watch_lib/src/prescaler.vhd:19]
INFO: [Synth 8-638] synthesizing module 'condition' [/home/mike/Desktop/work/fpga_u1_stopwatch/2_hdl/stop_watch_lib/src/condition.vhd:21]
INFO: [Synth 8-256] done synthesizing module 'condition' (0#1) [/home/mike/Desktop/work/fpga_u1_stopwatch/2_hdl/stop_watch_lib/src/condition.vhd:21]
INFO: [Synth 8-638] synthesizing module 'control' [/home/mike/Desktop/work/fpga_u1_stopwatch/2_hdl/stop_watch_lib/src/control.vhd:19]
INFO: [Synth 8-256] done synthesizing module 'control' (0#1) [/home/mike/Desktop/work/fpga_u1_stopwatch/2_hdl/stop_watch_lib/src/control.vhd:19]
INFO: [Synth 8-638] synthesizing module 'count1digit' [/home/mike/Desktop/work/fpga_u1_stopwatch/2_hdl/stop_watch_lib/src/count1digit.vhd:19]
INFO: [Synth 8-256] done synthesizing module 'count1digit' (0#1) [/home/mike/Desktop/work/fpga_u1_stopwatch/2_hdl/stop_watch_lib/src/count1digit.vhd:19]
INFO: [Synth 8-256] done synthesizing module 'stop_watch' (0#1) [/home/mike/Desktop/work/fpga_u1_stopwatch/2_hdl/stop_watch_lib/src/stop_watch.vhd:16]
WARNING: [Synth 8-7129] Port reset_n in module count1digit is either unconnected or has no load
---------------------------------------------------------------------------------
Finished RTL Elaboration : Time (s): cpu = 00:00:05 ; elapsed = 00:00:05 . Memory (MB): peak = 1959.355 ; gain = 503.770 ; free physical = 3550 ; free virtual = 27828
---------------------------------------------------------------------------------
---------------------------------------------------------------------------------
Start Handling Custom Attributes
---------------------------------------------------------------------------------
---------------------------------------------------------------------------------
Finished Handling Custom Attributes : Time (s): cpu = 00:00:05 ; elapsed = 00:00:05 . Memory (MB): peak = 1977.168 ; gain = 521.582 ; free physical = 3554 ; free virtual = 27832
---------------------------------------------------------------------------------
---------------------------------------------------------------------------------
Finished RTL Optimization Phase 1 : Time (s): cpu = 00:00:05 ; elapsed = 00:00:05 . Memory (MB): peak = 1977.168 ; gain = 521.582 ; free physical = 3554 ; free virtual = 27832
---------------------------------------------------------------------------------
Netlist sorting complete. Time (s): cpu = 00:00:00.01 ; elapsed = 00:00:00 . Memory (MB): peak = 1977.168 ; gain = 0.000 ; free physical = 3554 ; free virtual = 27832
INFO: [Project 1-570] Preparing netlist for logic optimization

Processing XDC Constraints
Initializing timing engine
Parsing XDC File [/home/mike/Desktop/work/fpga_u1_stopwatch/4_vivado/constraints/stop_watch.xdc]
Finished Parsing XDC File [/home/mike/Desktop/work/fpga_u1_stopwatch/4_vivado/constraints/stop_watch.xdc]
INFO: [Project 1-236] Implementation specific constraints were found while reading constraint file [/home/mike/Desktop/work/fpga_u1_stopwatch/4_vivado/constraints/stop_watch.xdc]. These constraints will be ignored for synthesis but will be used in implementation. Impacted constraints are listed in the file [.Xil/stop_watch_propImpl.xdc].
Resolution: To avoid this warning, move constraints listed in [.Xil/stop_watch_propImpl.xdc] to another XDC file and exclude this new file from synthesis with the used_in_synthesis property (File Properties dialog in GUI) and re-run elaboration/synthesis.
Completed Processing XDC Constraints

Netlist sorting complete. Time (s): cpu = 00:00:00 ; elapsed = 00:00:00 . Memory (MB): peak = 2124.918 ; gain = 0.000 ; free physical = 3542 ; free virtual = 27834
INFO: [Project 1-111] Unisim Transformation Summary:
No Unisim elements were transformed.

Constraint Validation Runtime : Time (s): cpu = 00:00:00 ; elapsed = 00:00:00 . Memory (MB): peak = 2124.918 ; gain = 0.000 ; free physical = 3541 ; free virtual = 27834
INFO: [Designutils 20-5440] No compile time benefit to using incremental synthesis; A full resynthesis will be run
INFO: [Designutils 20-4379] Flow is switching to default flow due to incremental criteria not met. If you would like to alter this behaviour and have the flow terminate instead, please set the following parameter config_implementation {autoIncr.Synth.RejectBehavior Terminate}
---------------------------------------------------------------------------------
Finished Constraint Validation : Time (s): cpu = 00:00:10 ; elapsed = 00:00:10 . Memory (MB): peak = 2124.918 ; gain = 669.332 ; free physical = 3566 ; free virtual = 27859
---------------------------------------------------------------------------------
---------------------------------------------------------------------------------
Start Loading Part and Timing Information
---------------------------------------------------------------------------------
Loading part: xc7z010clg400-1
---------------------------------------------------------------------------------
Finished Loading Part and Timing Information : Time (s): cpu = 00:00:10 ; elapsed = 00:00:10 . Memory (MB): peak = 2132.922 ; gain = 677.336 ; free physical = 3566 ; free virtual = 27859
---------------------------------------------------------------------------------
---------------------------------------------------------------------------------
Start Applying 'set_property' XDC Constraints
---------------------------------------------------------------------------------
---------------------------------------------------------------------------------
Finished applying 'set_property' XDC Constraints : Time (s): cpu = 00:00:10 ; elapsed = 00:00:10 . Memory (MB): peak = 2132.922 ; gain = 677.336 ; free physical = 3566 ; free virtual = 27859
---------------------------------------------------------------------------------
---------------------------------------------------------------------------------
Finished RTL Optimization Phase 2 : Time (s): cpu = 00:00:10 ; elapsed = 00:00:11 . Memory (MB): peak = 2132.922 ; gain = 677.336 ; free physical = 3566 ; free virtual = 27860
---------------------------------------------------------------------------------
---------------------------------------------------------------------------------
Start RTL Component Statistics 
---------------------------------------------------------------------------------
Detailed RTL Component Info : 
+---Adders : 
	   2 Input   10 Bit       Adders := 1     
	   2 Input    4 Bit       Adders := 1     
+---Registers : 
	               10 Bit    Registers := 1     
	                4 Bit    Registers := 4     
	                2 Bit    Registers := 1     
	                1 Bit    Registers := 13    
+---Muxes : 
	   2 Input    4 Bit        Muxes := 5     
	   5 Input    2 Bit        Muxes := 1     
	   4 Input    2 Bit        Muxes := 1     
	   3 Input    1 Bit        Muxes := 3     
	   2 Input    1 Bit        Muxes := 7     
	   4 Input    1 Bit        Muxes := 1     
	   6 Input    1 Bit        Muxes := 1     
---------------------------------------------------------------------------------
Finished RTL Component Statistics 
---------------------------------------------------------------------------------
---------------------------------------------------------------------------------
Start Part Resource Summary
---------------------------------------------------------------------------------
Part Resources:
DSPs: 80 (col length:40)
BRAMs: 120 (col length: RAMB18 40 RAMB36 20)
---------------------------------------------------------------------------------
Finished Part Resource Summary
---------------------------------------------------------------------------------
---------------------------------------------------------------------------------
Start Cross Boundary and Area Optimization
---------------------------------------------------------------------------------
WARNING: [Synth 8-7080] Parallel synthesis criteria is not met
---------------------------------------------------------------------------------
Finished Cross Boundary and Area Optimization : Time (s): cpu = 00:00:12 ; elapsed = 00:00:12 . Memory (MB): peak = 2132.922 ; gain = 677.336 ; free physical = 3550 ; free virtual = 27850
---------------------------------------------------------------------------------
---------------------------------------------------------------------------------
Start Applying XDC Timing Constraints
---------------------------------------------------------------------------------
---------------------------------------------------------------------------------
Finished Applying XDC Timing Constraints : Time (s): cpu = 00:00:17 ; elapsed = 00:00:17 . Memory (MB): peak = 2150.922 ; gain = 695.336 ; free physical = 3468 ; free virtual = 27775
---------------------------------------------------------------------------------
---------------------------------------------------------------------------------
Start Timing Optimization
---------------------------------------------------------------------------------
---------------------------------------------------------------------------------
Finished Timing Optimization : Time (s): cpu = 00:00:17 ; elapsed = 00:00:17 . Memory (MB): peak = 2180.969 ; gain = 725.383 ; free physical = 3446 ; free virtual = 27753
---------------------------------------------------------------------------------
---------------------------------------------------------------------------------
Start Technology Mapping
---------------------------------------------------------------------------------
---------------------------------------------------------------------------------
Finished Technology Mapping : Time (s): cpu = 00:00:17 ; elapsed = 00:00:17 . Memory (MB): peak = 2180.969 ; gain = 725.383 ; free physical = 3446 ; free virtual = 27753
---------------------------------------------------------------------------------
---------------------------------------------------------------------------------
Start IO Insertion
---------------------------------------------------------------------------------
---------------------------------------------------------------------------------
Start Flattening Before IO Insertion
---------------------------------------------------------------------------------
---------------------------------------------------------------------------------
Finished Flattening Before IO Insertion
---------------------------------------------------------------------------------
---------------------------------------------------------------------------------
Start Final Netlist Cleanup
---------------------------------------------------------------------------------
---------------------------------------------------------------------------------
Finished Final Netlist Cleanup
---------------------------------------------------------------------------------
---------------------------------------------------------------------------------
Finished IO Insertion : Time (s): cpu = 00:00:20 ; elapsed = 00:00:20 . Memory (MB): peak = 2323.781 ; gain = 868.195 ; free physical = 3352 ; free virtual = 27660
---------------------------------------------------------------------------------
---------------------------------------------------------------------------------
Start Renaming Generated Instances
---------------------------------------------------------------------------------
---------------------------------------------------------------------------------
Finished Renaming Generated Instances : Time (s): cpu = 00:00:20 ; elapsed = 00:00:20 . Memory (MB): peak = 2323.781 ; gain = 868.195 ; free physical = 3352 ; free virtual = 27660
---------------------------------------------------------------------------------
---------------------------------------------------------------------------------
Start Rebuilding User Hierarchy
---------------------------------------------------------------------------------
---------------------------------------------------------------------------------
Finished Rebuilding User Hierarchy : Time (s): cpu = 00:00:20 ; elapsed = 00:00:20 . Memory (MB): peak = 2323.781 ; gain = 868.195 ; free physical = 3352 ; free virtual = 27660
---------------------------------------------------------------------------------
---------------------------------------------------------------------------------
Start Renaming Generated Ports
---------------------------------------------------------------------------------
---------------------------------------------------------------------------------
Finished Renaming Generated Ports : Time (s): cpu = 00:00:20 ; elapsed = 00:00:20 . Memory (MB): peak = 2323.781 ; gain = 868.195 ; free physical = 3352 ; free virtual = 27660
---------------------------------------------------------------------------------
---------------------------------------------------------------------------------
Start Handling Custom Attributes
---------------------------------------------------------------------------------
---------------------------------------------------------------------------------
Finished Handling Custom Attributes : Time (s): cpu = 00:00:20 ; elapsed = 00:00:20 . Memory (MB): peak = 2323.781 ; gain = 868.195 ; free physical = 3352 ; free virtual = 27660
---------------------------------------------------------------------------------
---------------------------------------------------------------------------------
Start Renaming Generated Nets
---------------------------------------------------------------------------------
---------------------------------------------------------------------------------
Finished Renaming Generated Nets : Time (s): cpu = 00:00:20 ; elapsed = 00:00:20 . Memory (MB): peak = 2323.781 ; gain = 868.195 ; free physical = 3352 ; free virtual = 27660
---------------------------------------------------------------------------------
---------------------------------------------------------------------------------
Start Writing Synthesis Report
---------------------------------------------------------------------------------

Report BlackBoxes: 
+-+--------------+----------+
| |BlackBox name |Instances |
+-+--------------+----------+
+-+--------------+----------+

Report Cell Usage: 
+------+-------+------+
|      |Cell   |Count |
+------+-------+------+
|1     |BUFG   |     1|
|2     |CARRY4 |     5|
|3     |LUT1   |     4|
|4     |LUT2   |     6|
|5     |LUT3   |     6|
|6     |LUT4   |    11|
|7     |LUT5   |     7|
|8     |LUT6   |    14|
|9     |FDRE   |    58|
|10    |IBUF   |     4|
|11    |OBUF   |     8|
+------+-------+------+
---------------------------------------------------------------------------------
Finished Writing Synthesis Report : Time (s): cpu = 00:00:20 ; elapsed = 00:00:20 . Memory (MB): peak = 2323.781 ; gain = 868.195 ; free physical = 3352 ; free virtual = 27660
---------------------------------------------------------------------------------
Synthesis finished with 0 errors, 0 critical warnings and 1 warnings.
Synthesis Optimization Runtime : Time (s): cpu = 00:00:18 ; elapsed = 00:00:19 . Memory (MB): peak = 2323.781 ; gain = 720.445 ; free physical = 3353 ; free virtual = 27660
Synthesis Optimization Complete : Time (s): cpu = 00:00:20 ; elapsed = 00:00:20 . Memory (MB): peak = 2323.789 ; gain = 868.195 ; free physical = 3353 ; free virtual = 27660
INFO: [Project 1-571] Translating synthesized netlist
Netlist sorting complete. Time (s): cpu = 00:00:00 ; elapsed = 00:00:00.01 . Memory (MB): peak = 2323.789 ; gain = 0.000 ; free physical = 3457 ; free virtual = 27767
INFO: [Netlist 29-17] Analyzing 5 Unisim elements for replacement
INFO: [Netlist 29-28] Unisim Transformation completed in 0 CPU seconds
INFO: [Project 1-570] Preparing netlist for logic optimization
INFO: [Opt 31-138] Pushed 0 inverter(s) to 0 load pin(s).
Netlist sorting complete. Time (s): cpu = 00:00:00 ; elapsed = 00:00:00.01 . Memory (MB): peak = 2379.809 ; gain = 0.000 ; free physical = 3518 ; free virtual = 27828
INFO: [Project 1-111] Unisim Transformation Summary:
No Unisim elements were transformed.

Synth Design complete | Checksum: d73a2511
INFO: [Common 17-83] Releasing license: Synthesis
31 Infos, 2 Warnings, 0 Critical Warnings and 0 Errors encountered.
synth_design completed successfully
synth_design: Time (s): cpu = 00:00:27 ; elapsed = 00:00:26 . Memory (MB): peak = 2379.809 ; gain = 970.785 ; free physical = 3518 ; free virtual = 27828
INFO: [Common 17-2834] synth_design peak Physical Memory [PSS] (MB): overall = 1753.525; main = 1545.572; forked = 269.167
INFO: [Common 17-2834] synth_design peak Virtual Memory [VSS] (MB): overall = 3215.086; main = 2379.812; forked = 918.113
Write ShapeDB Complete: Time (s): cpu = 00:00:00.01 ; elapsed = 00:00:00 . Memory (MB): peak = 2403.820 ; gain = 0.000 ; free physical = 3520 ; free virtual = 27830
INFO: [Common 17-1381] The checkpoint '/home/mike/Desktop/work/fpga_u1_stopwatch/4_vivado/fpga_u1_stopwatch/fpga_u1_stopwatch.runs/synth_1/stop_watch.dcp' has been generated.
INFO: [Vivado 12-24828] Executing command : report_utilization -file stop_watch_utilization_synth.rpt -pb stop_watch_utilization_synth.pb
INFO: [Common 17-206] Exiting Vivado at Thu Sep 25 18:53:50 2025...
